<?xml version="1.0" encoding="UTF-8"?>
<!-- Generated by org.testng.reporters.JUnitXMLReporter -->
<testsuite hostname="TKonstantinov" name="Command line test" tests="18" failures="0" timestamp="24 Oct 2013 08:48:13 GMT" time="23.885" errors="0">
  <testcase name="sumNumbersAndCheckResultTest" time="5.297" classname="com.dataart.selenium.tests.AjaxTest"/>
  <testcase name="sumStringAndCheckIncorrectResultTest" time="4.87" classname="com.dataart.selenium.tests.AjaxTest"/>
  <testcase name="createAppDownloadAndVerifyPopular" time="1.657" classname="com.dataart.selenium.tests.ApplicationTest"/>
  <testcase name="createAppWithImageAndIconTest" time="0.773" classname="com.dataart.selenium.tests.ApplicationTest"/>
  <testcase name="createAppWithoutImagesTest" time="0.769" classname="com.dataart.selenium.tests.ApplicationTest"/>
  <testcase name="deleteAppAndVerifyRemoved" time="0.637" classname="com.dataart.selenium.tests.ApplicationTest"/>
  <testcase name="editAppWithoutImagesAndVerifyChangesTest" time="0.684" classname="com.dataart.selenium.tests.ApplicationTest"/>
  <testcase name="verifyCorrespondingAppValuesTest" time="0.531" classname="com.dataart.selenium.tests.ApplicationTest"/>
  <testcase name="findPositionTest" time="0.525" classname="com.dataart.selenium.tests.JSTest"/>
  <testcase name="correctLoginTest" time="0.307" classname="com.dataart.selenium.tests.LoginTest"/>
  <testcase name="incorrectLoginTest" time="0.288" classname="com.dataart.selenium.tests.LoginTest"/>
  <testcase name="incorrectThenCorrectTest" time="0.536" classname="com.dataart.selenium.tests.LoginTest"/>
  <testcase name="correctLoginTest" time="0.375" classname="com.dataart.selenium.tests.LoginValidInvalidTest"/>
  <testcase name="incorrectPasswordLoginTest" time="0.256" classname="com.dataart.selenium.tests.LoginValidInvalidTest"/>
  <testcase name="registerAndVerifyUserTest" time="0.717" classname="com.dataart.selenium.tests.RegistrationTest"/>
  <testcase name="registerDevAndVerifyUploadPageTest" time="0.752" classname="com.dataart.selenium.tests.RegistrationTest"/>
  <testcase name="registerLogoutAndVerifyLoginUserTest" time="1.176" classname="com.dataart.selenium.tests.RegistrationTest"/>
  <testcase name="registerUserAndVerifySeeAplicationTest" time="0.731" classname="com.dataart.selenium.tests.RegistrationTest"/>
</testsuite> <!-- Command line test -->
