<?xml version="1.0" encoding="UTF-8" ?>
<testsuite failures="0" time="29.482" errors="0" skipped="0" tests="18" name="TestSuite">
  <properties>
[...]
</properties>
  <testcase time="4.387" classname="com.dataart.selenium.tests.AjaxTest" name="sumNumbersAndCheckResultTest"/>
  <testcase time="4.592" classname="com.dataart.selenium.tests.AjaxTest" name="sumStringAndCheckIncorrectResultTest"/>
  <testcase time="2.867" classname="com.dataart.selenium.tests.ApplicationTest" name="createAppDownloadAndVerifyPopular"/>
  <testcase time="1.336" classname="com.dataart.selenium.tests.ApplicationTest" name="createAppWithImageAndIconTest"/>
  <testcase time="0.702" classname="com.dataart.selenium.tests.ApplicationTest" name="createAppWithoutImagesTest"/>
  <testcase time="0.607" classname="com.dataart.selenium.tests.ApplicationTest" name="deleteAppAndVerifyRemoved"/>
  <testcase time="0.612" classname="com.dataart.selenium.tests.ApplicationTest" name="editAppWithoutImagesAndVerifyChangesTest"/>
  <testcase time="0.5" classname="com.dataart.selenium.tests.ApplicationTest" name="verifyCorrespondingAppValuesTest"/>
  <testcase time="0.487" classname="com.dataart.selenium.tests.JSTest" name="findPositionTest"/>
  <testcase time="0.275" classname="com.dataart.selenium.tests.LoginTest" name="correctLoginTest"/>
  <testcase time="0.246" classname="com.dataart.selenium.tests.LoginTest" name="incorrectLoginTest"/>
  <testcase time="0.474" classname="com.dataart.selenium.tests.LoginTest" name="incorrectThenCorrectTest"/>
  <testcase time="0.257" classname="com.dataart.selenium.tests.LoginValidInvalidTest" name="correctLoginTest"/>
  <testcase time="0.247" classname="com.dataart.selenium.tests.LoginValidInvalidTest" name="incorrectPasswordLoginTest"/>
  <testcase time="0.65" classname="com.dataart.selenium.tests.RegistrationTest" name="registerAndVerifyUserTest"/>
  <testcase time="0.621" classname="com.dataart.selenium.tests.RegistrationTest" name="registerDevAndVerifyUploadPageTest"/>
  <testcase time="1.006" classname="com.dataart.selenium.tests.RegistrationTest" name="registerLogoutAndVerifyLoginUserTest"/>
  <testcase time="0.73" classname="com.dataart.selenium.tests.RegistrationTest" name="registerUserAndVerifySeeAplicationTest"/>
</testsuite>