<?xml version="1.0" encoding="UTF-8" ?>
<testsuite failures="8" time="9.996" errors="0" skipped="28" tests="36" name="TestSuite">
  <properties>
[...]
</properties>
  <testcase time="1.953" classname="com.dataart.selenium.tests.AjaxTest" name="sumNumbersAndCheckResultTest">
    <failure message="no such window: target window already closed
from unknown error: web view not found
  (Session info: chrome=30.0.1599.101)
  (Driver info: chromedriver=2.4.226107,platform=Windows NT 6.2 x86_64) (WARNING: The server did not provide any stacktrace information)
Command duration or timeout: 2 milliseconds
Build info: version: &apos;2.35.0&apos;, revision: &apos;8df0c6bedf70ff9f22c647788f9fe9c8d22210e2&apos;, time: &apos;2013-08-17 12:46:41&apos;
System info: os.name: &apos;Windows 8&apos;, os.arch: &apos;amd64&apos;, os.version: &apos;6.2&apos;, java.version: &apos;1.7.0_40&apos;
Session ID: 4a258a08dfc6d46674c87668ae90c53f
Driver info: org.openqa.selenium.chrome.ChromeDriver
Capabilities [{platform=WIN8, acceptSslCerts=true, javascriptEnabled=true, browserName=chrome, chrome={chromedriverVersion=2.4.226107}, rotatable=false, locationContextEnabled=true, version=30.0.1599.101, cssSelectorsEnabled=true, databaseEnabled=true, handlesAlerts=true, browserConnectionEnabled=false, webStorageEnabled=true, nativeEvents=true, applicationCacheEnabled=false, takesScreenshot=true}]" type="org.openqa.selenium.NoSuchWindowException">org.openqa.selenium.NoSuchWindowException: no such window: target window already closed
from unknown error: web view not found
  (Session info: chrome=30.0.1599.101)
  (Driver info: chromedriver=2.4.226107,platform=Windows NT 6.2 x86_64) (WARNING: The server did not provide any stacktrace information)
Command duration or timeout: 2 milliseconds
Build info: version: &apos;2.35.0&apos;, revision: &apos;8df0c6bedf70ff9f22c647788f9fe9c8d22210e2&apos;, time: &apos;2013-08-17 12:46:41&apos;
System info: os.name: &apos;Windows 8&apos;, os.arch: &apos;amd64&apos;, os.version: &apos;6.2&apos;, java.version: &apos;1.7.0_40&apos;
Session ID: 4a258a08dfc6d46674c87668ae90c53f
Driver info: org.openqa.selenium.chrome.ChromeDriver
Capabilities [{platform=WIN8, acceptSslCerts=true, javascriptEnabled=true, browserName=chrome, chrome={chromedriverVersion=2.4.226107}, rotatable=false, locationContextEnabled=true, version=30.0.1599.101, cssSelectorsEnabled=true, databaseEnabled=true, handlesAlerts=true, browserConnectionEnabled=false, webStorageEnabled=true, nativeEvents=true, applicationCacheEnabled=false, takesScreenshot=true}]
	at sun.reflect.NativeConstructorAccessorImpl.newInstance0(Native Method)
	at sun.reflect.NativeConstructorAccessorImpl.newInstance(NativeConstructorAccessorImpl.java:57)
	at sun.reflect.DelegatingConstructorAccessorImpl.newInstance(DelegatingConstructorAccessorImpl.java:45)
	at java.lang.reflect.Constructor.newInstance(Constructor.java:526)
	at org.openqa.selenium.remote.ErrorHandler.createThrowable(ErrorHandler.java:191)
	at org.openqa.selenium.remote.ErrorHandler.throwIfResponseFailed(ErrorHandler.java:145)
	at org.openqa.selenium.remote.RemoteWebDriver.execute(RemoteWebDriver.java:554)
	at org.openqa.selenium.remote.RemoteWebDriver.findElement(RemoteWebDriver.java:307)
	at org.openqa.selenium.remote.RemoteWebDriver.findElementByXPath(RemoteWebDriver.java:404)
	at org.openqa.selenium.By$ByXPath.findElement(By.java:344)
	at org.openqa.selenium.remote.RemoteWebDriver.findElement(RemoteWebDriver.java:299)
	at org.openqa.selenium.support.pagefactory.DefaultElementLocator.findElement(DefaultElementLocator.java:59)
	at org.openqa.selenium.support.pagefactory.internal.LocatingElementHandler.invoke(LocatingElementHandler.java:34)
	at com.sun.proxy.$Proxy8.sendKeys(Unknown Source)
	at com.dataart.selenium.pages.AjaxTestPage.calculate(AjaxTestPage.java:25)
	at com.dataart.selenium.tests.AjaxTest.sumNumbersAndCheckResultTest(AjaxTest.java:45)
</failure>
  </testcase>
  <testcase time="1.964" classname="com.dataart.selenium.tests.AjaxTest" name="openLoginPage">
    <failure message="no such window: target window already closed
from unknown error: web view not found
  (Session info: chrome=30.0.1599.101)
  (Driver info: chromedriver=2.4.226107,platform=Windows NT 6.2 x86_64) (WARNING: The server did not provide any stacktrace information)
Command duration or timeout: 2 milliseconds
Build info: version: &apos;2.35.0&apos;, revision: &apos;8df0c6bedf70ff9f22c647788f9fe9c8d22210e2&apos;, time: &apos;2013-08-17 12:46:41&apos;
System info: os.name: &apos;Windows 8&apos;, os.arch: &apos;amd64&apos;, os.version: &apos;6.2&apos;, java.version: &apos;1.7.0_40&apos;
Session ID: 4a258a08dfc6d46674c87668ae90c53f
Driver info: org.openqa.selenium.chrome.ChromeDriver
Capabilities [{platform=WIN8, acceptSslCerts=true, javascriptEnabled=true, browserName=chrome, chrome={chromedriverVersion=2.4.226107}, rotatable=false, locationContextEnabled=true, version=30.0.1599.101, cssSelectorsEnabled=true, databaseEnabled=true, handlesAlerts=true, browserConnectionEnabled=false, webStorageEnabled=true, nativeEvents=true, applicationCacheEnabled=false, takesScreenshot=true}]" type="org.openqa.selenium.NoSuchWindowException">org.openqa.selenium.NoSuchWindowException: no such window: target window already closed
from unknown error: web view not found
  (Session info: chrome=30.0.1599.101)
  (Driver info: chromedriver=2.4.226107,platform=Windows NT 6.2 x86_64) (WARNING: The server did not provide any stacktrace information)
Command duration or timeout: 2 milliseconds
Build info: version: &apos;2.35.0&apos;, revision: &apos;8df0c6bedf70ff9f22c647788f9fe9c8d22210e2&apos;, time: &apos;2013-08-17 12:46:41&apos;
System info: os.name: &apos;Windows 8&apos;, os.arch: &apos;amd64&apos;, os.version: &apos;6.2&apos;, java.version: &apos;1.7.0_40&apos;
Session ID: 4a258a08dfc6d46674c87668ae90c53f
Driver info: org.openqa.selenium.chrome.ChromeDriver
Capabilities [{platform=WIN8, acceptSslCerts=true, javascriptEnabled=true, browserName=chrome, chrome={chromedriverVersion=2.4.226107}, rotatable=false, locationContextEnabled=true, version=30.0.1599.101, cssSelectorsEnabled=true, databaseEnabled=true, handlesAlerts=true, browserConnectionEnabled=false, webStorageEnabled=true, nativeEvents=true, applicationCacheEnabled=false, takesScreenshot=true}]
	at sun.reflect.NativeConstructorAccessorImpl.newInstance0(Native Method)
	at sun.reflect.NativeConstructorAccessorImpl.newInstance(NativeConstructorAccessorImpl.java:57)
	at sun.reflect.DelegatingConstructorAccessorImpl.newInstance(DelegatingConstructorAccessorImpl.java:45)
	at java.lang.reflect.Constructor.newInstance(Constructor.java:526)
	at org.openqa.selenium.remote.ErrorHandler.createThrowable(ErrorHandler.java:191)
	at org.openqa.selenium.remote.ErrorHandler.throwIfResponseFailed(ErrorHandler.java:145)
	at org.openqa.selenium.remote.RemoteWebDriver.execute(RemoteWebDriver.java:554)
	at org.openqa.selenium.remote.RemoteWebDriver.get(RemoteWebDriver.java:276)
	at com.dataart.selenium.pages.BasicPage.forceLogout(BasicPage.java:14)
	at com.dataart.selenium.tests.AjaxTest.openLoginPage(AjaxTest.java:34)
</failure>
  </testcase>
  <testcase time="0" classname="com.dataart.selenium.tests.AjaxTest" name="sumStringAndCheckIncorrectResultTest">
    <skipped/>
  </testcase>
  <testcase time="0.002" classname="com.dataart.selenium.tests.ApplicationTest" name="openLoginPage">
    <failure message="no such window: target window already closed
from unknown error: web view not found
  (Session info: chrome=30.0.1599.101)
  (Driver info: chromedriver=2.4.226107,platform=Windows NT 6.2 x86_64) (WARNING: The server did not provide any stacktrace information)
Command duration or timeout: 2 milliseconds
Build info: version: &apos;2.35.0&apos;, revision: &apos;8df0c6bedf70ff9f22c647788f9fe9c8d22210e2&apos;, time: &apos;2013-08-17 12:46:41&apos;
System info: os.name: &apos;Windows 8&apos;, os.arch: &apos;amd64&apos;, os.version: &apos;6.2&apos;, java.version: &apos;1.7.0_40&apos;
Session ID: 4a258a08dfc6d46674c87668ae90c53f
Driver info: org.openqa.selenium.chrome.ChromeDriver
Capabilities [{platform=WIN8, acceptSslCerts=true, javascriptEnabled=true, browserName=chrome, chrome={chromedriverVersion=2.4.226107}, rotatable=false, locationContextEnabled=true, version=30.0.1599.101, cssSelectorsEnabled=true, databaseEnabled=true, handlesAlerts=true, browserConnectionEnabled=false, webStorageEnabled=true, nativeEvents=true, applicationCacheEnabled=false, takesScreenshot=true}]" type="org.openqa.selenium.NoSuchWindowException">org.openqa.selenium.NoSuchWindowException: no such window: target window already closed
from unknown error: web view not found
  (Session info: chrome=30.0.1599.101)
  (Driver info: chromedriver=2.4.226107,platform=Windows NT 6.2 x86_64) (WARNING: The server did not provide any stacktrace information)
Command duration or timeout: 2 milliseconds
Build info: version: &apos;2.35.0&apos;, revision: &apos;8df0c6bedf70ff9f22c647788f9fe9c8d22210e2&apos;, time: &apos;2013-08-17 12:46:41&apos;
System info: os.name: &apos;Windows 8&apos;, os.arch: &apos;amd64&apos;, os.version: &apos;6.2&apos;, java.version: &apos;1.7.0_40&apos;
Session ID: 4a258a08dfc6d46674c87668ae90c53f
Driver info: org.openqa.selenium.chrome.ChromeDriver
Capabilities [{platform=WIN8, acceptSslCerts=true, javascriptEnabled=true, browserName=chrome, chrome={chromedriverVersion=2.4.226107}, rotatable=false, locationContextEnabled=true, version=30.0.1599.101, cssSelectorsEnabled=true, databaseEnabled=true, handlesAlerts=true, browserConnectionEnabled=false, webStorageEnabled=true, nativeEvents=true, applicationCacheEnabled=false, takesScreenshot=true}]
	at sun.reflect.NativeConstructorAccessorImpl.newInstance0(Native Method)
	at sun.reflect.NativeConstructorAccessorImpl.newInstance(NativeConstructorAccessorImpl.java:57)
	at sun.reflect.DelegatingConstructorAccessorImpl.newInstance(DelegatingConstructorAccessorImpl.java:45)
	at java.lang.reflect.Constructor.newInstance(Constructor.java:526)
	at org.openqa.selenium.remote.ErrorHandler.createThrowable(ErrorHandler.java:191)
	at org.openqa.selenium.remote.ErrorHandler.throwIfResponseFailed(ErrorHandler.java:145)
	at org.openqa.selenium.remote.RemoteWebDriver.execute(RemoteWebDriver.java:554)
	at org.openqa.selenium.remote.RemoteWebDriver.get(RemoteWebDriver.java:276)
	at com.dataart.selenium.pages.BasicPage.forceLogout(BasicPage.java:14)
	at com.dataart.selenium.tests.ApplicationTest.openLoginPage(ApplicationTest.java:46)
</failure>
  </testcase>
  <testcase time="0" classname="com.dataart.selenium.tests.ApplicationTest" name="createAppDownloadAndVerifyPopular">
    <skipped/>
  </testcase>
  <testcase time="0.002" classname="com.dataart.selenium.tests.ApplicationTest" name="openLoginPage">
    <skipped/>
  </testcase>
  <testcase time="0" classname="com.dataart.selenium.tests.ApplicationTest" name="createAppWithImageAndIconTest">
    <skipped/>
  </testcase>
  <testcase time="0.001" classname="com.dataart.selenium.tests.ApplicationTest" name="openLoginPage">
    <skipped/>
  </testcase>
  <testcase time="0" classname="com.dataart.selenium.tests.ApplicationTest" name="createAppWithoutImagesTest">
    <skipped/>
  </testcase>
  <testcase time="0" classname="com.dataart.selenium.tests.ApplicationTest" name="openLoginPage">
    <skipped/>
  </testcase>
  <testcase time="0" classname="com.dataart.selenium.tests.ApplicationTest" name="deleteAppAndVerifyRemoved">
    <skipped/>
  </testcase>
  <testcase time="0" classname="com.dataart.selenium.tests.ApplicationTest" name="openLoginPage">
    <skipped/>
  </testcase>
  <testcase time="0" classname="com.dataart.selenium.tests.ApplicationTest" name="editAppWithoutImagesAndVerifyChangesTest">
    <skipped/>
  </testcase>
  <testcase time="0" classname="com.dataart.selenium.tests.ApplicationTest" name="openLoginPage">
    <skipped/>
  </testcase>
  <testcase time="0" classname="com.dataart.selenium.tests.ApplicationTest" name="verifyCorrespondingAppValuesTest">
    <skipped/>
  </testcase>
  <testcase time="0.003" classname="com.dataart.selenium.tests.JSTest" name="openLoginPage">
    <failure message="no such window: target window already closed
from unknown error: web view not found
  (Session info: chrome=30.0.1599.101)
  (Driver info: chromedriver=2.4.226107,platform=Windows NT 6.2 x86_64) (WARNING: The server did not provide any stacktrace information)
Command duration or timeout: 3 milliseconds
Build info: version: &apos;2.35.0&apos;, revision: &apos;8df0c6bedf70ff9f22c647788f9fe9c8d22210e2&apos;, time: &apos;2013-08-17 12:46:41&apos;
System info: os.name: &apos;Windows 8&apos;, os.arch: &apos;amd64&apos;, os.version: &apos;6.2&apos;, java.version: &apos;1.7.0_40&apos;
Session ID: 4a258a08dfc6d46674c87668ae90c53f
Driver info: org.openqa.selenium.chrome.ChromeDriver
Capabilities [{platform=WIN8, acceptSslCerts=true, javascriptEnabled=true, browserName=chrome, chrome={chromedriverVersion=2.4.226107}, rotatable=false, locationContextEnabled=true, version=30.0.1599.101, cssSelectorsEnabled=true, databaseEnabled=true, handlesAlerts=true, browserConnectionEnabled=false, webStorageEnabled=true, nativeEvents=true, applicationCacheEnabled=false, takesScreenshot=true}]" type="org.openqa.selenium.NoSuchWindowException">org.openqa.selenium.NoSuchWindowException: no such window: target window already closed
from unknown error: web view not found
  (Session info: chrome=30.0.1599.101)
  (Driver info: chromedriver=2.4.226107,platform=Windows NT 6.2 x86_64) (WARNING: The server did not provide any stacktrace information)
Command duration or timeout: 3 milliseconds
Build info: version: &apos;2.35.0&apos;, revision: &apos;8df0c6bedf70ff9f22c647788f9fe9c8d22210e2&apos;, time: &apos;2013-08-17 12:46:41&apos;
System info: os.name: &apos;Windows 8&apos;, os.arch: &apos;amd64&apos;, os.version: &apos;6.2&apos;, java.version: &apos;1.7.0_40&apos;
Session ID: 4a258a08dfc6d46674c87668ae90c53f
Driver info: org.openqa.selenium.chrome.ChromeDriver
Capabilities [{platform=WIN8, acceptSslCerts=true, javascriptEnabled=true, browserName=chrome, chrome={chromedriverVersion=2.4.226107}, rotatable=false, locationContextEnabled=true, version=30.0.1599.101, cssSelectorsEnabled=true, databaseEnabled=true, handlesAlerts=true, browserConnectionEnabled=false, webStorageEnabled=true, nativeEvents=true, applicationCacheEnabled=false, takesScreenshot=true}]
	at sun.reflect.NativeConstructorAccessorImpl.newInstance0(Native Method)
	at sun.reflect.NativeConstructorAccessorImpl.newInstance(NativeConstructorAccessorImpl.java:57)
	at sun.reflect.DelegatingConstructorAccessorImpl.newInstance(DelegatingConstructorAccessorImpl.java:45)
	at java.lang.reflect.Constructor.newInstance(Constructor.java:526)
	at org.openqa.selenium.remote.ErrorHandler.createThrowable(ErrorHandler.java:191)
	at org.openqa.selenium.remote.ErrorHandler.throwIfResponseFailed(ErrorHandler.java:145)
	at org.openqa.selenium.remote.RemoteWebDriver.execute(RemoteWebDriver.java:554)
	at org.openqa.selenium.remote.RemoteWebDriver.get(RemoteWebDriver.java:276)
	at com.dataart.selenium.pages.BasicPage.forceLogout(BasicPage.java:14)
	at com.dataart.selenium.tests.JSTest.openLoginPage(JSTest.java:32)
</failure>
  </testcase>
  <testcase time="0" classname="com.dataart.selenium.tests.JSTest" name="findPositionTest">
    <skipped/>
  </testcase>
  <testcase time="0.003" classname="com.dataart.selenium.tests.LoginTest" name="openLoginPage">
    <failure message="no such window: target window already closed
from unknown error: web view not found
  (Session info: chrome=30.0.1599.101)
  (Driver info: chromedriver=2.4.226107,platform=Windows NT 6.2 x86_64) (WARNING: The server did not provide any stacktrace information)
Command duration or timeout: 1 milliseconds
Build info: version: &apos;2.35.0&apos;, revision: &apos;8df0c6bedf70ff9f22c647788f9fe9c8d22210e2&apos;, time: &apos;2013-08-17 12:46:41&apos;
System info: os.name: &apos;Windows 8&apos;, os.arch: &apos;amd64&apos;, os.version: &apos;6.2&apos;, java.version: &apos;1.7.0_40&apos;
Session ID: 4a258a08dfc6d46674c87668ae90c53f
Driver info: org.openqa.selenium.chrome.ChromeDriver
Capabilities [{platform=WIN8, acceptSslCerts=true, javascriptEnabled=true, browserName=chrome, chrome={chromedriverVersion=2.4.226107}, rotatable=false, locationContextEnabled=true, version=30.0.1599.101, cssSelectorsEnabled=true, databaseEnabled=true, handlesAlerts=true, browserConnectionEnabled=false, webStorageEnabled=true, nativeEvents=true, applicationCacheEnabled=false, takesScreenshot=true}]" type="org.openqa.selenium.NoSuchWindowException">org.openqa.selenium.NoSuchWindowException: no such window: target window already closed
from unknown error: web view not found
  (Session info: chrome=30.0.1599.101)
  (Driver info: chromedriver=2.4.226107,platform=Windows NT 6.2 x86_64) (WARNING: The server did not provide any stacktrace information)
Command duration or timeout: 1 milliseconds
Build info: version: &apos;2.35.0&apos;, revision: &apos;8df0c6bedf70ff9f22c647788f9fe9c8d22210e2&apos;, time: &apos;2013-08-17 12:46:41&apos;
System info: os.name: &apos;Windows 8&apos;, os.arch: &apos;amd64&apos;, os.version: &apos;6.2&apos;, java.version: &apos;1.7.0_40&apos;
Session ID: 4a258a08dfc6d46674c87668ae90c53f
Driver info: org.openqa.selenium.chrome.ChromeDriver
Capabilities [{platform=WIN8, acceptSslCerts=true, javascriptEnabled=true, browserName=chrome, chrome={chromedriverVersion=2.4.226107}, rotatable=false, locationContextEnabled=true, version=30.0.1599.101, cssSelectorsEnabled=true, databaseEnabled=true, handlesAlerts=true, browserConnectionEnabled=false, webStorageEnabled=true, nativeEvents=true, applicationCacheEnabled=false, takesScreenshot=true}]
	at sun.reflect.NativeConstructorAccessorImpl.newInstance0(Native Method)
	at sun.reflect.NativeConstructorAccessorImpl.newInstance(NativeConstructorAccessorImpl.java:57)
	at sun.reflect.DelegatingConstructorAccessorImpl.newInstance(DelegatingConstructorAccessorImpl.java:45)
	at java.lang.reflect.Constructor.newInstance(Constructor.java:526)
	at org.openqa.selenium.remote.ErrorHandler.createThrowable(ErrorHandler.java:191)
	at org.openqa.selenium.remote.ErrorHandler.throwIfResponseFailed(ErrorHandler.java:145)
	at org.openqa.selenium.remote.RemoteWebDriver.execute(RemoteWebDriver.java:554)
	at org.openqa.selenium.remote.RemoteWebDriver.get(RemoteWebDriver.java:276)
	at com.dataart.selenium.pages.BasicPage.forceLogout(BasicPage.java:14)
	at com.dataart.selenium.tests.LoginTest.openLoginPage(LoginTest.java:26)
</failure>
  </testcase>
  <testcase time="0" classname="com.dataart.selenium.tests.LoginTest" name="correctLoginTest">
    <skipped/>
  </testcase>
  <testcase time="0" classname="com.dataart.selenium.tests.LoginTest" name="openLoginPage">
    <skipped/>
  </testcase>
  <testcase time="0" classname="com.dataart.selenium.tests.LoginTest" name="incorrectLoginTest">
    <skipped/>
  </testcase>
  <testcase time="0.001" classname="com.dataart.selenium.tests.LoginTest" name="openLoginPage">
    <skipped/>
  </testcase>
  <testcase time="0" classname="com.dataart.selenium.tests.LoginTest" name="incorrectThenCorrectTest">
    <skipped/>
  </testcase>
  <testcase time="0.002" classname="com.dataart.selenium.tests.LoginValidInvalidTest" name="openLoginPage">
    <failure message="no such window: target window already closed
from unknown error: web view not found
  (Session info: chrome=30.0.1599.101)
  (Driver info: chromedriver=2.4.226107,platform=Windows NT 6.2 x86_64) (WARNING: The server did not provide any stacktrace information)
Command duration or timeout: 2 milliseconds
Build info: version: &apos;2.35.0&apos;, revision: &apos;8df0c6bedf70ff9f22c647788f9fe9c8d22210e2&apos;, time: &apos;2013-08-17 12:46:41&apos;
System info: os.name: &apos;Windows 8&apos;, os.arch: &apos;amd64&apos;, os.version: &apos;6.2&apos;, java.version: &apos;1.7.0_40&apos;
Session ID: 4a258a08dfc6d46674c87668ae90c53f
Driver info: org.openqa.selenium.chrome.ChromeDriver
Capabilities [{platform=WIN8, acceptSslCerts=true, javascriptEnabled=true, browserName=chrome, chrome={chromedriverVersion=2.4.226107}, rotatable=false, locationContextEnabled=true, version=30.0.1599.101, cssSelectorsEnabled=true, databaseEnabled=true, handlesAlerts=true, browserConnectionEnabled=false, webStorageEnabled=true, nativeEvents=true, applicationCacheEnabled=false, takesScreenshot=true}]" type="org.openqa.selenium.NoSuchWindowException">org.openqa.selenium.NoSuchWindowException: no such window: target window already closed
from unknown error: web view not found
  (Session info: chrome=30.0.1599.101)
  (Driver info: chromedriver=2.4.226107,platform=Windows NT 6.2 x86_64) (WARNING: The server did not provide any stacktrace information)
Command duration or timeout: 2 milliseconds
Build info: version: &apos;2.35.0&apos;, revision: &apos;8df0c6bedf70ff9f22c647788f9fe9c8d22210e2&apos;, time: &apos;2013-08-17 12:46:41&apos;
System info: os.name: &apos;Windows 8&apos;, os.arch: &apos;amd64&apos;, os.version: &apos;6.2&apos;, java.version: &apos;1.7.0_40&apos;
Session ID: 4a258a08dfc6d46674c87668ae90c53f
Driver info: org.openqa.selenium.chrome.ChromeDriver
Capabilities [{platform=WIN8, acceptSslCerts=true, javascriptEnabled=true, browserName=chrome, chrome={chromedriverVersion=2.4.226107}, rotatable=false, locationContextEnabled=true, version=30.0.1599.101, cssSelectorsEnabled=true, databaseEnabled=true, handlesAlerts=true, browserConnectionEnabled=false, webStorageEnabled=true, nativeEvents=true, applicationCacheEnabled=false, takesScreenshot=true}]
	at sun.reflect.NativeConstructorAccessorImpl.newInstance0(Native Method)
	at sun.reflect.NativeConstructorAccessorImpl.newInstance(NativeConstructorAccessorImpl.java:57)
	at sun.reflect.DelegatingConstructorAccessorImpl.newInstance(DelegatingConstructorAccessorImpl.java:45)
	at java.lang.reflect.Constructor.newInstance(Constructor.java:526)
	at org.openqa.selenium.remote.ErrorHandler.createThrowable(ErrorHandler.java:191)
	at org.openqa.selenium.remote.ErrorHandler.throwIfResponseFailed(ErrorHandler.java:145)
	at org.openqa.selenium.remote.RemoteWebDriver.execute(RemoteWebDriver.java:554)
	at org.openqa.selenium.remote.RemoteWebDriver.get(RemoteWebDriver.java:276)
	at com.dataart.selenium.pages.BasicPage.forceLogout(BasicPage.java:14)
	at com.dataart.selenium.tests.LoginValidInvalidTest.openLoginPage(LoginValidInvalidTest.java:32)
</failure>
  </testcase>
  <testcase time="0" classname="com.dataart.selenium.tests.LoginValidInvalidTest" name="correctLoginTest">
    <skipped/>
  </testcase>
  <testcase time="0.001" classname="com.dataart.selenium.tests.LoginValidInvalidTest" name="openLoginPage">
    <skipped/>
  </testcase>
  <testcase time="0" classname="com.dataart.selenium.tests.LoginValidInvalidTest" name="incorrectPasswordLoginTest">
    <skipped/>
  </testcase>
  <testcase time="0.005" classname="com.dataart.selenium.tests.RegistrationTest" name="openLoginPage">
    <failure message="no such window: target window already closed
from unknown error: web view not found
  (Session info: chrome=30.0.1599.101)
  (Driver info: chromedriver=2.4.226107,platform=Windows NT 6.2 x86_64) (WARNING: The server did not provide any stacktrace information)
Command duration or timeout: 3 milliseconds
Build info: version: &apos;2.35.0&apos;, revision: &apos;8df0c6bedf70ff9f22c647788f9fe9c8d22210e2&apos;, time: &apos;2013-08-17 12:46:41&apos;
System info: os.name: &apos;Windows 8&apos;, os.arch: &apos;amd64&apos;, os.version: &apos;6.2&apos;, java.version: &apos;1.7.0_40&apos;
Session ID: 4a258a08dfc6d46674c87668ae90c53f
Driver info: org.openqa.selenium.chrome.ChromeDriver
Capabilities [{platform=WIN8, acceptSslCerts=true, javascriptEnabled=true, browserName=chrome, chrome={chromedriverVersion=2.4.226107}, rotatable=false, locationContextEnabled=true, version=30.0.1599.101, cssSelectorsEnabled=true, databaseEnabled=true, handlesAlerts=true, browserConnectionEnabled=false, webStorageEnabled=true, nativeEvents=true, applicationCacheEnabled=false, takesScreenshot=true}]" type="org.openqa.selenium.NoSuchWindowException">org.openqa.selenium.NoSuchWindowException: no such window: target window already closed
from unknown error: web view not found
  (Session info: chrome=30.0.1599.101)
  (Driver info: chromedriver=2.4.226107,platform=Windows NT 6.2 x86_64) (WARNING: The server did not provide any stacktrace information)
Command duration or timeout: 3 milliseconds
Build info: version: &apos;2.35.0&apos;, revision: &apos;8df0c6bedf70ff9f22c647788f9fe9c8d22210e2&apos;, time: &apos;2013-08-17 12:46:41&apos;
System info: os.name: &apos;Windows 8&apos;, os.arch: &apos;amd64&apos;, os.version: &apos;6.2&apos;, java.version: &apos;1.7.0_40&apos;
Session ID: 4a258a08dfc6d46674c87668ae90c53f
Driver info: org.openqa.selenium.chrome.ChromeDriver
Capabilities [{platform=WIN8, acceptSslCerts=true, javascriptEnabled=true, browserName=chrome, chrome={chromedriverVersion=2.4.226107}, rotatable=false, locationContextEnabled=true, version=30.0.1599.101, cssSelectorsEnabled=true, databaseEnabled=true, handlesAlerts=true, browserConnectionEnabled=false, webStorageEnabled=true, nativeEvents=true, applicationCacheEnabled=false, takesScreenshot=true}]
	at sun.reflect.NativeConstructorAccessorImpl.newInstance0(Native Method)
	at sun.reflect.NativeConstructorAccessorImpl.newInstance(NativeConstructorAccessorImpl.java:57)
	at sun.reflect.DelegatingConstructorAccessorImpl.newInstance(DelegatingConstructorAccessorImpl.java:45)
	at java.lang.reflect.Constructor.newInstance(Constructor.java:526)
	at org.openqa.selenium.remote.ErrorHandler.createThrowable(ErrorHandler.java:191)
	at org.openqa.selenium.remote.ErrorHandler.throwIfResponseFailed(ErrorHandler.java:145)
	at org.openqa.selenium.remote.RemoteWebDriver.execute(RemoteWebDriver.java:554)
	at org.openqa.selenium.remote.RemoteWebDriver.get(RemoteWebDriver.java:276)
	at com.dataart.selenium.pages.BasicPage.forceLogout(BasicPage.java:14)
	at com.dataart.selenium.tests.RegistrationTest.openLoginPage(RegistrationTest.java:32)
</failure>
  </testcase>
  <testcase time="0" classname="com.dataart.selenium.tests.RegistrationTest" name="registerAndVerifyUserTest">
    <skipped/>
  </testcase>
  <testcase time="0" classname="com.dataart.selenium.tests.RegistrationTest" name="openLoginPage">
    <skipped/>
  </testcase>
  <testcase time="0" classname="com.dataart.selenium.tests.RegistrationTest" name="registerDevAndVerifyUploadPageTest">
    <skipped/>
  </testcase>
  <testcase time="0.001" classname="com.dataart.selenium.tests.RegistrationTest" name="openLoginPage">
    <skipped/>
  </testcase>
  <testcase time="0" classname="com.dataart.selenium.tests.RegistrationTest" name="registerLogoutAndVerifyLoginUserTest">
    <skipped/>
  </testcase>
  <testcase time="0" classname="com.dataart.selenium.tests.RegistrationTest" name="openLoginPage">
    <skipped/>
  </testcase>
  <testcase time="0.001" classname="com.dataart.selenium.tests.RegistrationTest" name="registerUserAndVerifySeeAplicationTest">
    <skipped/>
  </testcase>
  <testcase time="1.415" classname="com.dataart.selenium.tests.RegistrationTest" name="afterClass">
    <failure message="chrome not reachable
  (Session info: chrome=30.0.1599.101)
  (Driver info: chromedriver=2.4.226107,platform=Windows NT 6.2 x86_64) (WARNING: The server did not provide any stacktrace information)
Command duration or timeout: 1.40 seconds
Build info: version: &apos;2.35.0&apos;, revision: &apos;8df0c6bedf70ff9f22c647788f9fe9c8d22210e2&apos;, time: &apos;2013-08-17 12:46:41&apos;
System info: os.name: &apos;Windows 8&apos;, os.arch: &apos;amd64&apos;, os.version: &apos;6.2&apos;, java.version: &apos;1.7.0_40&apos;
Session ID: 4a258a08dfc6d46674c87668ae90c53f
Driver info: org.openqa.selenium.chrome.ChromeDriver
Capabilities [{platform=WIN8, acceptSslCerts=true, javascriptEnabled=true, browserName=chrome, chrome={chromedriverVersion=2.4.226107}, rotatable=false, locationContextEnabled=true, version=30.0.1599.101, cssSelectorsEnabled=true, databaseEnabled=true, handlesAlerts=true, browserConnectionEnabled=false, webStorageEnabled=true, nativeEvents=true, applicationCacheEnabled=false, takesScreenshot=true}]" type="org.openqa.selenium.WebDriverException">org.openqa.selenium.WebDriverException: chrome not reachable
  (Session info: chrome=30.0.1599.101)
  (Driver info: chromedriver=2.4.226107,platform=Windows NT 6.2 x86_64) (WARNING: The server did not provide any stacktrace information)
Command duration or timeout: 1.40 seconds
Build info: version: &apos;2.35.0&apos;, revision: &apos;8df0c6bedf70ff9f22c647788f9fe9c8d22210e2&apos;, time: &apos;2013-08-17 12:46:41&apos;
System info: os.name: &apos;Windows 8&apos;, os.arch: &apos;amd64&apos;, os.version: &apos;6.2&apos;, java.version: &apos;1.7.0_40&apos;
Session ID: 4a258a08dfc6d46674c87668ae90c53f
Driver info: org.openqa.selenium.chrome.ChromeDriver
Capabilities [{platform=WIN8, acceptSslCerts=true, javascriptEnabled=true, browserName=chrome, chrome={chromedriverVersion=2.4.226107}, rotatable=false, locationContextEnabled=true, version=30.0.1599.101, cssSelectorsEnabled=true, databaseEnabled=true, handlesAlerts=true, browserConnectionEnabled=false, webStorageEnabled=true, nativeEvents=true, applicationCacheEnabled=false, takesScreenshot=true}]
	at sun.reflect.NativeConstructorAccessorImpl.newInstance0(Native Method)
	at sun.reflect.NativeConstructorAccessorImpl.newInstance(NativeConstructorAccessorImpl.java:57)
	at sun.reflect.DelegatingConstructorAccessorImpl.newInstance(DelegatingConstructorAccessorImpl.java:45)
	at java.lang.reflect.Constructor.newInstance(Constructor.java:526)
	at org.openqa.selenium.remote.ErrorHandler.createThrowable(ErrorHandler.java:191)
	at org.openqa.selenium.remote.ErrorHandler.throwIfResponseFailed(ErrorHandler.java:145)
	at org.openqa.selenium.remote.RemoteWebDriver.execute(RemoteWebDriver.java:554)
	at org.openqa.selenium.remote.RemoteWebDriver.execute(RemoteWebDriver.java:569)
	at org.openqa.selenium.remote.RemoteWebDriver.close(RemoteWebDriver.java:418)
	at com.dataart.selenium.framework.BaseTest.afterClass(BaseTest.java:19)
	at sun.reflect.NativeMethodAccessorImpl.invoke0(Native Method)
	at sun.reflect.NativeMethodAccessorImpl.invoke(NativeMethodAccessorImpl.java:57)
	at sun.reflect.DelegatingMethodAccessorImpl.invoke(DelegatingMethodAccessorImpl.java:43)
	at java.lang.reflect.Method.invoke(Method.java:606)
	at org.testng.internal.MethodInvocationHelper.invokeMethod(MethodInvocationHelper.java:80)
	at org.testng.internal.Invoker.invokeConfigurationMethod(Invoker.java:564)
	at org.testng.internal.Invoker.invokeConfigurations(Invoker.java:213)
	at org.testng.internal.Invoker.invokeConfigurations(Invoker.java:138)
	at org.testng.SuiteRunner.privateRun(SuiteRunner.java:308)
	at org.testng.SuiteRunner.run(SuiteRunner.java:240)
	at org.testng.SuiteRunnerWorker.runSuite(SuiteRunnerWorker.java:52)
	at org.testng.SuiteRunnerWorker.run(SuiteRunnerWorker.java:86)
	at org.testng.TestNG.runSuitesSequentially(TestNG.java:1198)
	at org.testng.TestNG.runSuitesLocally(TestNG.java:1123)
	at org.testng.TestNG.run(TestNG.java:1031)
	at org.apache.maven.surefire.testng.TestNGExecutor.run(TestNGExecutor.java:62)
	at org.apache.maven.surefire.testng.TestNGDirectoryTestSuite.execute(TestNGDirectoryTestSuite.java:141)
	at org.apache.maven.surefire.Surefire.run(Surefire.java:180)
	at sun.reflect.NativeMethodAccessorImpl.invoke0(Native Method)
	at sun.reflect.NativeMethodAccessorImpl.invoke(NativeMethodAccessorImpl.java:57)
	at sun.reflect.DelegatingMethodAccessorImpl.invoke(DelegatingMethodAccessorImpl.java:43)
	at java.lang.reflect.Method.invoke(Method.java:606)
	at org.apache.maven.surefire.booter.SurefireBooter.runSuitesInProcess(SurefireBooter.java:350)
	at org.apache.maven.surefire.booter.SurefireBooter.main(SurefireBooter.java:1021)
</failure>
  </testcase>
</testsuite>