<?xml version="1.0" encoding="UTF-8"?>
<testsuite name="Command line test"
           tests="3"
           failures="0"
           errors="0"
           skipped="0"
           time="0,995">
  <properties />
  
  
            <testcase name="incorrectLoginTest" time="0,246" classname="com.dataart.selenium.tests.LoginTest" />
                <testcase name="correctLoginTest" time="0,275" classname="com.dataart.selenium.tests.LoginTest" />
                <testcase name="incorrectThenCorrectTest" time="0,474" classname="com.dataart.selenium.tests.LoginTest" />
      
</testsuite>
