<?xml version="1.0" encoding="UTF-8"?>
<testsuite name="Command line test"
           tests="4"
           failures="0"
           errors="0"
           skipped="0"
           time="3,007">
  <properties />
  
  
            <testcase name="registerDevAndVerifyUploadPageTest" time="0,621" classname="com.dataart.selenium.tests.RegistrationTest" />
                <testcase name="registerLogoutAndVerifyLoginUserTest" time="1,006" classname="com.dataart.selenium.tests.RegistrationTest" />
                <testcase name="registerAndVerifyUserTest" time="0,650" classname="com.dataart.selenium.tests.RegistrationTest" />
                <testcase name="registerUserAndVerifySeeAplicationTest" time="0,730" classname="com.dataart.selenium.tests.RegistrationTest" />
      
</testsuite>
