<?xml version="1.0" encoding="UTF-8"?>
<testsuite name="Command line test"
           tests="6"
           failures="0"
           errors="0"
           skipped="0"
           time="6,624">
  <properties />
  
  
            <testcase name="editAppWithoutImagesAndVerifyChangesTest" time="0,612" classname="com.dataart.selenium.tests.ApplicationTest" />
                <testcase name="deleteAppAndVerifyRemoved" time="0,607" classname="com.dataart.selenium.tests.ApplicationTest" />
                <testcase name="createAppWithImageAndIconTest" time="1,336" classname="com.dataart.selenium.tests.ApplicationTest" />
                <testcase name="createAppDownloadAndVerifyPopular" time="2,867" classname="com.dataart.selenium.tests.ApplicationTest" />
                <testcase name="verifyCorrespondingAppValuesTest" time="0,500" classname="com.dataart.selenium.tests.ApplicationTest" />
                <testcase name="createAppWithoutImagesTest" time="0,702" classname="com.dataart.selenium.tests.ApplicationTest" />
      
</testsuite>
